<?xml version="1.0" encoding="UTF-8"?>
<!-- Generated by org.testng.reporters.JUnitXMLReporter -->
<testsuite ignored="0" hostname="Sanju" failures="0" tests="6" name="Test" time="73.814" errors="0" timestamp="2025-01-04T09:01:32 IST">
  <testcase classname="Module1_Login_Test.SwagLabLoginTest" name="verifyLogo" time="0.589"/>
  <testcase classname="Module4_Product_Test.SwagLabProductTest" name="verifyProductName" time="0.069"/>
  <testcase classname="Module4_Product_Test.SwagLabProductTest" name="verifyProductPrice" time="0.095"/>
  <testcase classname="Module4_Product_Test.SwagLabProductTest" name="verifyAllProductSize" time="0.072"/>
  <testcase classname="Module4_Product_Test.SwagLabProductTest" name="verifyAllProductPriceSum" time="0.113"/>
  <testcase classname="Module4_Product_Test.SwagLabOrderProductTest" name="orderAnySpecificProduct" time="16.993"/>
</testsuite> <!-- Test -->
