<?xml version="1.0" encoding="UTF-8"?>
<testng-results ignored="0" total="1" passed="1" failed="0" skipped="0">
  <reporter-output>
  </reporter-output>
  <suite started-at="2024-11-25T07:22:22 IST" name="Suite" finished-at="2024-11-25T07:22:35 IST" duration-ms="13212">
    <groups>
    </groups>
    <test started-at="2024-11-25T07:22:22 IST" name="Test" finished-at="2024-11-25T07:22:35 IST" duration-ms="13212">
      <class name="Module1_Login_Test.SwagLabLoginTest">
        <test-method is-config="true" signature="openBrowser()[pri:0, instance:Module1_Login_Test.SwagLabLoginTest@323b36e0]" started-at="2024-11-25T07:22:22 IST" name="openBrowser" finished-at="2024-11-25T07:22:25 IST" duration-ms="3238" status="PASS">
          <reporter-output>
          </reporter-output>
        </test-method> <!-- openBrowser -->
        <test-method is-config="true" signature="loginToApp()[pri:0, instance:Module1_Login_Test.SwagLabLoginTest@323b36e0]" started-at="2024-11-25T07:22:25 IST" name="loginToApp" finished-at="2024-11-25T07:22:28 IST" duration-ms="3301" status="PASS">
          <reporter-output>
          </reporter-output>
        </test-method> <!-- loginToApp -->
        <test-method signature="verifyLogo()[pri:0, instance:Module1_Login_Test.SwagLabLoginTest@323b36e0]" started-at="2024-11-25T07:22:28 IST" name="verifyLogo" finished-at="2024-11-25T07:22:30 IST" duration-ms="1436" status="PASS">
          <reporter-output>
          </reporter-output>
        </test-method> <!-- verifyLogo -->
        <test-method is-config="true" signature="logoutFromApp(org.testng.ITestResult)[pri:0, instance:Module1_Login_Test.SwagLabLoginTest@323b36e0]" started-at="2024-11-25T07:22:30 IST" name="logoutFromApp" finished-at="2024-11-25T07:22:34 IST" duration-ms="4262" status="PASS">
          <params>
            <param index="0">
              <value>
                <![CDATA[[TestResult name=verifyLogo status=SUCCESS method=SwagLabLoginTest.verifyLogo()[pri:0, instance:Module1_Login_Test.SwagLabLoginTest@323b36e0] output={null}]]]>
              </value>
            </param>
          </params>
          <reporter-output>
          </reporter-output>
        </test-method> <!-- logoutFromApp -->
        <test-method is-config="true" signature="closeBrowser()[pri:0, instance:Module1_Login_Test.SwagLabLoginTest@323b36e0]" started-at="2024-11-25T07:22:34 IST" name="closeBrowser" finished-at="2024-11-25T07:22:35 IST" duration-ms="921" status="PASS">
          <reporter-output>
          </reporter-output>
        </test-method> <!-- closeBrowser -->
      </class> <!-- Module1_Login_Test.SwagLabLoginTest -->
    </test> <!-- Test -->
  </suite> <!-- Suite -->
</testng-results>
