<?xml version="1.0" encoding="UTF-8"?>
<testng-results ignored="0" total="6" passed="6" failed="0" skipped="0">
  <reporter-output>
  </reporter-output>
  <suite started-at="2025-01-04T09:00:18 IST" name="Suite" finished-at="2025-01-04T09:01:32 IST" duration-ms="73814">
    <groups>
    </groups>
    <test started-at="2025-01-04T09:00:18 IST" name="Test" finished-at="2025-01-04T09:01:32 IST" duration-ms="73814">
      <class name="Module4_Product_Test.SwagLabProductTest">
        <test-method is-config="true" signature="openBrowser(java.lang.String)[pri:0, instance:Module4_Product_Test.SwagLabProductTest@6a6cb05c]" started-at="2025-01-04T09:00:31 IST" name="openBrowser" finished-at="2025-01-04T09:00:36 IST" duration-ms="4175" status="PASS">
          <params>
            <param index="0">
              <value>
                <![CDATA[edge]]>
              </value>
            </param>
          </params>
          <reporter-output>
          </reporter-output>
        </test-method> <!-- openBrowser -->
        <test-method is-config="true" signature="loginToApp()[pri:0, instance:Module4_Product_Test.SwagLabProductTest@6a6cb05c]" started-at="2025-01-04T09:00:36 IST" name="loginToApp" finished-at="2025-01-04T09:00:38 IST" duration-ms="2317" status="PASS">
          <reporter-output>
          </reporter-output>
        </test-method> <!-- loginToApp -->
        <test-method signature="verifyProductName()[pri:1, instance:Module4_Product_Test.SwagLabProductTest@6a6cb05c]" started-at="2025-01-04T09:00:38 IST" name="verifyProductName" finished-at="2025-01-04T09:00:38 IST" duration-ms="69" status="PASS">
          <reporter-output>
          </reporter-output>
        </test-method> <!-- verifyProductName -->
        <test-method is-config="true" signature="logoutFromApp(org.testng.ITestResult)[pri:0, instance:Module4_Product_Test.SwagLabProductTest@6a6cb05c]" started-at="2025-01-04T09:00:38 IST" name="logoutFromApp" finished-at="2025-01-04T09:00:42 IST" duration-ms="4176" status="PASS">
          <params>
            <param index="0">
              <value>
                <![CDATA[[TestResult name=verifyProductName status=SUCCESS method=SwagLabProductTest.verifyProductName()[pri:1, instance:Module4_Product_Test.SwagLabProductTest@6a6cb05c] output={null}]]]>
              </value>
            </param>
          </params>
          <reporter-output>
          </reporter-output>
        </test-method> <!-- logoutFromApp -->
        <test-method is-config="true" signature="loginToApp()[pri:0, instance:Module4_Product_Test.SwagLabProductTest@6a6cb05c]" started-at="2025-01-04T09:00:42 IST" name="loginToApp" finished-at="2025-01-04T09:00:44 IST" duration-ms="2224" status="PASS">
          <reporter-output>
          </reporter-output>
        </test-method> <!-- loginToApp -->
        <test-method signature="verifyProductPrice()[pri:2, instance:Module4_Product_Test.SwagLabProductTest@6a6cb05c]" started-at="2025-01-04T09:00:44 IST" name="verifyProductPrice" finished-at="2025-01-04T09:00:44 IST" duration-ms="95" status="PASS">
          <reporter-output>
          </reporter-output>
        </test-method> <!-- verifyProductPrice -->
        <test-method is-config="true" signature="logoutFromApp(org.testng.ITestResult)[pri:0, instance:Module4_Product_Test.SwagLabProductTest@6a6cb05c]" started-at="2025-01-04T09:00:44 IST" name="logoutFromApp" finished-at="2025-01-04T09:00:49 IST" duration-ms="4158" status="PASS">
          <params>
            <param index="0">
              <value>
                <![CDATA[[TestResult name=verifyProductPrice status=SUCCESS method=SwagLabProductTest.verifyProductPrice()[pri:2, instance:Module4_Product_Test.SwagLabProductTest@6a6cb05c] output={null}]]]>
              </value>
            </param>
          </params>
          <reporter-output>
          </reporter-output>
        </test-method> <!-- logoutFromApp -->
        <test-method is-config="true" signature="loginToApp()[pri:0, instance:Module4_Product_Test.SwagLabProductTest@6a6cb05c]" started-at="2025-01-04T09:00:49 IST" name="loginToApp" finished-at="2025-01-04T09:00:51 IST" duration-ms="2212" status="PASS">
          <reporter-output>
          </reporter-output>
        </test-method> <!-- loginToApp -->
        <test-method signature="verifyAllProductSize()[pri:3, instance:Module4_Product_Test.SwagLabProductTest@6a6cb05c]" started-at="2025-01-04T09:00:51 IST" name="verifyAllProductSize" finished-at="2025-01-04T09:00:51 IST" duration-ms="72" status="PASS">
          <reporter-output>
          </reporter-output>
        </test-method> <!-- verifyAllProductSize -->
        <test-method is-config="true" signature="logoutFromApp(org.testng.ITestResult)[pri:0, instance:Module4_Product_Test.SwagLabProductTest@6a6cb05c]" started-at="2025-01-04T09:00:51 IST" name="logoutFromApp" finished-at="2025-01-04T09:00:55 IST" duration-ms="4150" status="PASS">
          <params>
            <param index="0">
              <value>
                <![CDATA[[TestResult name=verifyAllProductSize status=SUCCESS method=SwagLabProductTest.verifyAllProductSize()[pri:3, instance:Module4_Product_Test.SwagLabProductTest@6a6cb05c] output={null}]]]>
              </value>
            </param>
          </params>
          <reporter-output>
          </reporter-output>
        </test-method> <!-- logoutFromApp -->
        <test-method is-config="true" signature="loginToApp()[pri:0, instance:Module4_Product_Test.SwagLabProductTest@6a6cb05c]" started-at="2025-01-04T09:00:55 IST" name="loginToApp" finished-at="2025-01-04T09:00:57 IST" duration-ms="2207" status="PASS">
          <reporter-output>
          </reporter-output>
        </test-method> <!-- loginToApp -->
        <test-method signature="verifyAllProductPriceSum()[pri:4, instance:Module4_Product_Test.SwagLabProductTest@6a6cb05c]" started-at="2025-01-04T09:00:57 IST" name="verifyAllProductPriceSum" finished-at="2025-01-04T09:00:57 IST" duration-ms="113" status="PASS">
          <reporter-output>
          </reporter-output>
        </test-method> <!-- verifyAllProductPriceSum -->
        <test-method is-config="true" signature="logoutFromApp(org.testng.ITestResult)[pri:0, instance:Module4_Product_Test.SwagLabProductTest@6a6cb05c]" started-at="2025-01-04T09:00:57 IST" name="logoutFromApp" finished-at="2025-01-04T09:01:01 IST" duration-ms="4153" status="PASS">
          <params>
            <param index="0">
              <value>
                <![CDATA[[TestResult name=verifyAllProductPriceSum status=SUCCESS method=SwagLabProductTest.verifyAllProductPriceSum()[pri:4, instance:Module4_Product_Test.SwagLabProductTest@6a6cb05c] output={null}]]]>
              </value>
            </param>
          </params>
          <reporter-output>
          </reporter-output>
        </test-method> <!-- logoutFromApp -->
        <test-method is-config="true" signature="closeBrowser()[pri:0, instance:Module4_Product_Test.SwagLabProductTest@6a6cb05c]" started-at="2025-01-04T09:01:01 IST" name="closeBrowser" finished-at="2025-01-04T09:01:03 IST" duration-ms="1336" status="PASS">
          <reporter-output>
          </reporter-output>
        </test-method> <!-- closeBrowser -->
      </class> <!-- Module4_Product_Test.SwagLabProductTest -->
      <class name="Module1_Login_Test.SwagLabLoginTest">
        <test-method is-config="true" signature="openBrowser(java.lang.String)[pri:0, instance:Module1_Login_Test.SwagLabLoginTest@22555ebf]" started-at="2025-01-04T09:00:18 IST" name="openBrowser" finished-at="2025-01-04T09:00:23 IST" duration-ms="5121" status="PASS">
          <params>
            <param index="0">
              <value>
                <![CDATA[edge]]>
              </value>
            </param>
          </params>
          <reporter-output>
          </reporter-output>
        </test-method> <!-- openBrowser -->
        <test-method is-config="true" signature="loginToApp()[pri:0, instance:Module1_Login_Test.SwagLabLoginTest@22555ebf]" started-at="2025-01-04T09:00:23 IST" name="loginToApp" finished-at="2025-01-04T09:00:25 IST" duration-ms="2261" status="PASS">
          <reporter-output>
          </reporter-output>
        </test-method> <!-- loginToApp -->
        <test-method signature="verifyLogo()[pri:0, instance:Module1_Login_Test.SwagLabLoginTest@22555ebf]" started-at="2025-01-04T09:00:25 IST" name="verifyLogo" finished-at="2025-01-04T09:00:26 IST" duration-ms="589" status="PASS">
          <reporter-output>
          </reporter-output>
        </test-method> <!-- verifyLogo -->
        <test-method is-config="true" signature="logoutFromApp(org.testng.ITestResult)[pri:0, instance:Module1_Login_Test.SwagLabLoginTest@22555ebf]" started-at="2025-01-04T09:00:26 IST" name="logoutFromApp" finished-at="2025-01-04T09:00:30 IST" duration-ms="4168" status="PASS">
          <params>
            <param index="0">
              <value>
                <![CDATA[[TestResult name=verifyLogo status=SUCCESS method=SwagLabLoginTest.verifyLogo()[pri:0, instance:Module1_Login_Test.SwagLabLoginTest@22555ebf] output={null}]]]>
              </value>
            </param>
          </params>
          <reporter-output>
          </reporter-output>
        </test-method> <!-- logoutFromApp -->
        <test-method is-config="true" signature="closeBrowser()[pri:0, instance:Module1_Login_Test.SwagLabLoginTest@22555ebf]" started-at="2025-01-04T09:00:30 IST" name="closeBrowser" finished-at="2025-01-04T09:00:31 IST" duration-ms="1227" status="PASS">
          <reporter-output>
          </reporter-output>
        </test-method> <!-- closeBrowser -->
      </class> <!-- Module1_Login_Test.SwagLabLoginTest -->
      <class name="Module4_Product_Test.SwagLabOrderProductTest">
        <test-method is-config="true" signature="openBrowser(java.lang.String)[pri:0, instance:Module4_Product_Test.SwagLabOrderProductTest@40a4337a]" started-at="2025-01-04T09:01:03 IST" name="openBrowser" finished-at="2025-01-04T09:01:07 IST" duration-ms="4112" status="PASS">
          <params>
            <param index="0">
              <value>
                <![CDATA[edge]]>
              </value>
            </param>
          </params>
          <reporter-output>
          </reporter-output>
        </test-method> <!-- openBrowser -->
        <test-method is-config="true" signature="loginToApp()[pri:0, instance:Module4_Product_Test.SwagLabOrderProductTest@40a4337a]" started-at="2025-01-04T09:01:07 IST" name="loginToApp" finished-at="2025-01-04T09:01:09 IST" duration-ms="2323" status="PASS">
          <reporter-output>
          </reporter-output>
        </test-method> <!-- loginToApp -->
        <test-method signature="orderAnySpecificProduct()[pri:1, instance:Module4_Product_Test.SwagLabOrderProductTest@40a4337a]" started-at="2025-01-04T09:01:09 IST" name="orderAnySpecificProduct" finished-at="2025-01-04T09:01:26 IST" duration-ms="16993" status="PASS">
          <reporter-output>
          </reporter-output>
        </test-method> <!-- orderAnySpecificProduct -->
        <test-method is-config="true" signature="logoutFromApp(org.testng.ITestResult)[pri:0, instance:Module4_Product_Test.SwagLabOrderProductTest@40a4337a]" started-at="2025-01-04T09:01:26 IST" name="logoutFromApp" finished-at="2025-01-04T09:01:30 IST" duration-ms="4173" status="PASS">
          <params>
            <param index="0">
              <value>
                <![CDATA[[TestResult name=orderAnySpecificProduct status=SUCCESS method=SwagLabOrderProductTest.orderAnySpecificProduct()[pri:1, instance:Module4_Product_Test.SwagLabOrderProductTest@40a4337a] output={null}]]]>
              </value>
            </param>
          </params>
          <reporter-output>
          </reporter-output>
        </test-method> <!-- logoutFromApp -->
        <test-method is-config="true" signature="closeBrowser()[pri:0, instance:Module4_Product_Test.SwagLabOrderProductTest@40a4337a]" started-at="2025-01-04T09:01:30 IST" name="closeBrowser" finished-at="2025-01-04T09:01:32 IST" duration-ms="1178" status="PASS">
          <reporter-output>
          </reporter-output>
        </test-method> <!-- closeBrowser -->
      </class> <!-- Module4_Product_Test.SwagLabOrderProductTest -->
    </test> <!-- Test -->
  </suite> <!-- Suite -->
</testng-results>
